<?xml version="1.0" encoding="UTF-8"?>
<coverage generated="1506699839712" clover="3.2.0">
  <project timestamp="1506699839712" name="All files">
    <metrics statements="18" coveredstatements="18" conditionals="7" coveredconditionals="7" methods="6" coveredmethods="6" elements="31" coveredelements="31" complexity="0" loc="18" ncloc="18" packages="2" files="3" classes="3">
      <package name="components">
        <metrics statements="11" coveredstatements="11" conditionals="2" coveredconditionals="2" methods="4" coveredmethods="4"/>
        <file name="MovieCard.js" path="/Users/jgrim/javascript_projects/popular/src/components/MovieCard.js">
          <metrics statements="7" coveredstatements="7" conditionals="2" coveredconditionals="2" methods="3" coveredmethods="3"/>
          <line num="5" count="1" type="stmt"/>
          <line num="9" count="4" type="stmt"/>
          <line num="10" count="4" type="stmt"/>
          <line num="38" count="4" type="stmt"/>
          <line num="41" count="4" type="stmt"/>
          <line num="50" count="2" type="stmt"/>
          <line num="56" count="6" type="stmt"/>
        </file>
        <file name="TitleBar.js" path="/Users/jgrim/javascript_projects/popular/src/components/TitleBar.js">
          <metrics statements="4" coveredstatements="4" conditionals="0" coveredconditionals="0" methods="1" coveredmethods="1"/>
          <line num="6" count="1" type="stmt"/>
          <line num="18" count="1" type="stmt"/>
          <line num="19" count="1" type="stmt"/>
          <line num="22" count="1" type="stmt"/>
        </file>
      </package>
      <package name="utils">
        <metrics statements="7" coveredstatements="7" conditionals="5" coveredconditionals="5" methods="2" coveredmethods="2"/>
        <file name="api.js" path="/Users/jgrim/javascript_projects/popular/src/utils/api.js">
          <metrics statements="7" coveredstatements="7" conditionals="5" coveredconditionals="5" methods="2" coveredmethods="2"/>
          <line num="1" count="2" type="stmt"/>
          <line num="4" count="2" type="stmt"/>
          <line num="11" count="3" type="cond" truecount="2" falsecount="0"/>
          <line num="12" count="1" type="stmt"/>
          <line num="16" count="2" type="stmt"/>
          <line num="25" count="2" type="stmt"/>
          <line num="31" count="5" type="stmt"/>
        </file>
      </package>
    </metrics>
  </project>
</coverage>
