<?xml version="1.0" encoding="UTF-8"?>
<coverage generated="1506653156596" clover="3.2.0">
  <project timestamp="1506653156596" name="All files">
    <metrics statements="32" coveredstatements="23" conditionals="7" coveredconditionals="6" methods="15" coveredmethods="9" elements="54" coveredelements="38" complexity="0" loc="32" ncloc="32" packages="2" files="5" classes="5">
      <package name="components">
        <metrics statements="25" coveredstatements="16" conditionals="2" coveredconditionals="1" methods="13" coveredmethods="7"/>
        <file name="App.js" path="/Users/jgrim/javascript_projects/popular/src/components/App.js">
          <metrics statements="3" coveredstatements="3" conditionals="0" coveredconditionals="0" methods="1" coveredmethods="1"/>
          <line num="6" count="1" type="stmt"/>
          <line num="15" count="1" type="stmt"/>
          <line num="16" count="1" type="stmt"/>
        </file>
        <file name="CardBox.js" path="/Users/jgrim/javascript_projects/popular/src/components/CardBox.js">
          <metrics statements="15" coveredstatements="9" conditionals="2" coveredconditionals="1" methods="9" coveredmethods="5"/>
          <line num="9" count="1" type="stmt"/>
          <line num="10" count="1" type="stmt"/>
          <line num="16" count="1" type="stmt"/>
          <line num="18" count="1" type="stmt"/>
          <line num="32" count="1" type="stmt"/>
          <line num="34" count="0" type="stmt"/>
          <line num="37" count="0" type="stmt"/>
          <line num="41" count="0" type="stmt"/>
          <line num="44" count="1" type="stmt"/>
          <line num="48" count="1" type="stmt"/>
          <line num="52" count="1" type="cond" truecount="1" falsecount="1"/>
          <line num="53" count="1" type="stmt"/>
          <line num="55" count="0" type="stmt"/>
          <line num="56" count="0" type="stmt"/>
          <line num="58" count="0" type="stmt"/>
        </file>
        <file name="MovieCard.js" path="/Users/jgrim/javascript_projects/popular/src/components/MovieCard.js">
          <metrics statements="3" coveredstatements="0" conditionals="0" coveredconditionals="0" methods="2" coveredmethods="0"/>
          <line num="8" count="0" type="stmt"/>
          <line num="9" count="0" type="stmt"/>
          <line num="39" count="0" type="stmt"/>
        </file>
        <file name="TitleBar.js" path="/Users/jgrim/javascript_projects/popular/src/components/TitleBar.js">
          <metrics statements="4" coveredstatements="4" conditionals="0" coveredconditionals="0" methods="1" coveredmethods="1"/>
          <line num="6" count="1" type="stmt"/>
          <line num="18" count="1" type="stmt"/>
          <line num="19" count="1" type="stmt"/>
          <line num="22" count="1" type="stmt"/>
        </file>
      </package>
      <package name="utils">
        <metrics statements="7" coveredstatements="7" conditionals="5" coveredconditionals="5" methods="2" coveredmethods="2"/>
        <file name="api.js" path="/Users/jgrim/javascript_projects/popular/src/utils/api.js">
          <metrics statements="7" coveredstatements="7" conditionals="5" coveredconditionals="5" methods="2" coveredmethods="2"/>
          <line num="1" count="2" type="stmt"/>
          <line num="4" count="2" type="stmt"/>
          <line num="11" count="4" type="cond" truecount="2" falsecount="0"/>
          <line num="12" count="1" type="stmt"/>
          <line num="16" count="3" type="stmt"/>
          <line num="25" count="3" type="stmt"/>
          <line num="31" count="1" type="stmt"/>
        </file>
      </package>
    </metrics>
  </project>
</coverage>
