{"/Users/jgrim/javascript_projects/popular/src/components/App.js": {"path":"/Users/jgrim/javascript_projects/popular/src/components/App.js","statementMap":{"0":{"start":{"line":6,"column":14},"end":{"line":13,"column":1}},"1":{"start":{"line":15,"column":12},"end":{"line":24,"column":1}},"2":{"start":{"line":16,"column":2},"end":{"line":23,"column":4}}},"fnMap":{"0":{"name":"(anonymous_0)","decl":{"start":{"line":15,"column":12},"end":{"line":15,"column":13}},"loc":{"start":{"line":15,"column":18},"end":{"line":24,"column":1}},"line":15}},"branchMap":{},"s":{"0":1,"1":1,"2":1},"f":{"0":1},"b":{},"_coverageSchema":"332fd63041d2c1bcb487cc26dd0d5f7d97098a6c","hash":"66266dc1e5bc73030d88d63199904f7333d766e9"}
,"/Users/jgrim/javascript_projects/popular/src/components/CardBox.js": {"path":"/Users/jgrim/javascript_projects/popular/src/components/CardBox.js","statementMap":{"0":{"start":{"line":9,"column":4},"end":{"line":9,"column":17}},"1":{"start":{"line":10,"column":4},"end":{"line":15,"column":6}},"2":{"start":{"line":16,"column":4},"end":{"line":16,"column":24}},"3":{"start":{"line":18,"column":4},"end":{"line":28,"column":6}},"4":{"start":{"line":32,"column":4},"end":{"line":47,"column":9}},"5":{"start":{"line":34,"column":8},"end":{"line":34,"column":29}},"6":{"start":{"line":37,"column":8},"end":{"line":40,"column":11}},"7":{"start":{"line":41,"column":8},"end":{"line":41,"column":40}},"8":{"start":{"line":44,"column":8},"end":{"line":46,"column":11}},"9":{"start":{"line":48,"column":4},"end":{"line":48,"column":40}},"10":{"start":{"line":52,"column":4},"end":{"line":68,"column":5}},"11":{"start":{"line":53,"column":6},"end":{"line":53,"column":54}},"12":{"start":{"line":53,"column":32},"end":{"line":53,"column":48}},"13":{"start":{"line":55,"column":6},"end":{"line":67,"column":8}},"14":{"start":{"line":56,"column":52},"end":{"line":56,"column":68}},"15":{"start":{"line":58,"column":12},"end":{"line":64,"column":14}}},"fnMap":{"0":{"name":"(anonymous_0)","decl":{"start":{"line":8,"column":2},"end":{"line":8,"column":3}},"loc":{"start":{"line":8,"column":21},"end":{"line":29,"column":3}},"line":8},"1":{"name":"(anonymous_1)","decl":{"start":{"line":31,"column":2},"end":{"line":31,"column":3}},"loc":{"start":{"line":31,"column":22},"end":{"line":49,"column":3}},"line":31},"2":{"name":"(anonymous_2)","decl":{"start":{"line":33,"column":12},"end":{"line":33,"column":13}},"loc":{"start":{"line":33,"column":24},"end":{"line":35,"column":7}},"line":33},"3":{"name":"(anonymous_3)","decl":{"start":{"line":36,"column":12},"end":{"line":36,"column":13}},"loc":{"start":{"line":36,"column":20},"end":{"line":42,"column":7}},"line":36},"4":{"name":"(anonymous_4)","decl":{"start":{"line":43,"column":13},"end":{"line":43,"column":14}},"loc":{"start":{"line":43,"column":20},"end":{"line":47,"column":7}},"line":43},"5":{"name":"(anonymous_5)","decl":{"start":{"line":51,"column":2},"end":{"line":51,"column":3}},"loc":{"start":{"line":51,"column":11},"end":{"line":69,"column":3}},"line":51},"6":{"name":"(anonymous_6)","decl":{"start":{"line":53,"column":23},"end":{"line":53,"column":24}},"loc":{"start":{"line":53,"column":32},"end":{"line":53,"column":48}},"line":53},"7":{"name":"(anonymous_7)","decl":{"start":{"line":56,"column":43},"end":{"line":56,"column":44}},"loc":{"start":{"line":56,"column":52},"end":{"line":56,"column":68}},"line":56},"8":{"name":"(anonymous_8)","decl":{"start":{"line":57,"column":38},"end":{"line":57,"column":39}},"loc":{"start":{"line":57,"column":52},"end":{"line":65,"column":11}},"line":57}},"branchMap":{"0":{"loc":{"start":{"line":52,"column":4},"end":{"line":68,"column":5}},"type":"if","locations":[{"start":{"line":52,"column":4},"end":{"line":68,"column":5}},{"start":{"line":52,"column":4},"end":{"line":68,"column":5}}],"line":52}},"s":{"0":1,"1":1,"2":1,"3":1,"4":1,"5":0,"6":0,"7":0,"8":1,"9":1,"10":1,"11":1,"12":1,"13":0,"14":0,"15":0},"f":{"0":1,"1":1,"2":0,"3":0,"4":1,"5":1,"6":1,"7":0,"8":0},"b":{"0":[1,0]},"_coverageSchema":"332fd63041d2c1bcb487cc26dd0d5f7d97098a6c","hash":"c0c4268b1ece07aa7a15c73fde026b81f6b5b1f4"}
,"/Users/jgrim/javascript_projects/popular/src/components/MovieCard.js": {"path":"/Users/jgrim/javascript_projects/popular/src/components/MovieCard.js","statementMap":{"0":{"start":{"line":8,"column":4},"end":{"line":8,"column":17}},"1":{"start":{"line":9,"column":4},"end":{"line":30,"column":6}},"2":{"start":{"line":39,"column":4},"end":{"line":39,"column":71}}},"fnMap":{"0":{"name":"(anonymous_0)","decl":{"start":{"line":7,"column":2},"end":{"line":7,"column":3}},"loc":{"start":{"line":7,"column":21},"end":{"line":31,"column":3}},"line":7},"1":{"name":"(anonymous_1)","decl":{"start":{"line":38,"column":2},"end":{"line":38,"column":3}},"loc":{"start":{"line":38,"column":11},"end":{"line":40,"column":3}},"line":38}},"branchMap":{},"s":{"0":0,"1":0,"2":0},"f":{"0":0,"1":0},"b":{},"_coverageSchema":"332fd63041d2c1bcb487cc26dd0d5f7d97098a6c","hash":"e946f0ecdedabe2060a10d941c55c16283e2fbf6"}
,"/Users/jgrim/javascript_projects/popular/src/components/TitleBar.js": {"path":"/Users/jgrim/javascript_projects/popular/src/components/TitleBar.js","statementMap":{"0":{"start":{"line":6,"column":14},"end":{"line":16,"column":1}},"1":{"start":{"line":18,"column":18},"end":{"line":20,"column":1}},"2":{"start":{"line":19,"column":2},"end":{"line":19,"column":56}},"3":{"start":{"line":22,"column":0},"end":{"line":24,"column":2}}},"fnMap":{"0":{"name":"(anonymous_0)","decl":{"start":{"line":18,"column":18},"end":{"line":18,"column":19}},"loc":{"start":{"line":18,"column":27},"end":{"line":20,"column":1}},"line":18}},"branchMap":{},"s":{"0":1,"1":1,"2":1,"3":1},"f":{"0":1},"b":{},"_coverageSchema":"332fd63041d2c1bcb487cc26dd0d5f7d97098a6c","hash":"91ac362fd579562d3d114a63910f568c086f948c"}
,"/Users/jgrim/javascript_projects/popular/src/utils/api.js": {"path":"/Users/jgrim/javascript_projects/popular/src/utils/api.js","statementMap":{"0":{"start":{"line":1,"column":17},"end":{"line":1,"column":51}},"1":{"start":{"line":4,"column":19},"end":{"line":7,"column":1}},"2":{"start":{"line":11,"column":2},"end":{"line":13,"column":3}},"3":{"start":{"line":12,"column":4},"end":{"line":12,"column":64}},"4":{"start":{"line":16,"column":17},"end":{"line":24,"column":3}},"5":{"start":{"line":25,"column":2},"end":{"line":25,"column":67}},"6":{"start":{"line":31,"column":2},"end":{"line":31,"column":50}}},"fnMap":{"0":{"name":"getPageOfMovies","decl":{"start":{"line":9,"column":9},"end":{"line":9,"column":24}},"loc":{"start":{"line":9,"column":77},"end":{"line":26,"column":1}},"line":9},"1":{"name":"getCompleteMovieBackdropPath","decl":{"start":{"line":28,"column":9},"end":{"line":28,"column":37}},"loc":{"start":{"line":28,"column":44},"end":{"line":32,"column":1}},"line":28}},"branchMap":{"0":{"loc":{"start":{"line":9,"column":29},"end":{"line":9,"column":75}},"type":"default-arg","locations":[{"start":{"line":9,"column":73},"end":{"line":9,"column":75}}],"line":9},"1":{"loc":{"start":{"line":9,"column":31},"end":{"line":9,"column":39}},"type":"default-arg","locations":[{"start":{"line":9,"column":38},"end":{"line":9,"column":39}}],"line":9},"2":{"loc":{"start":{"line":9,"column":41},"end":{"line":9,"column":68}},"type":"default-arg","locations":[{"start":{"line":9,"column":51},"end":{"line":9,"column":68}}],"line":9},"3":{"loc":{"start":{"line":11,"column":2},"end":{"line":13,"column":3}},"type":"if","locations":[{"start":{"line":11,"column":2},"end":{"line":13,"column":3}},{"start":{"line":11,"column":2},"end":{"line":13,"column":3}}],"line":11}},"s":{"0":2,"1":2,"2":4,"3":1,"4":3,"5":3,"6":1},"f":{"0":4,"1":1},"b":{"0":[3],"1":[3],"2":[4],"3":[1,3]},"_coverageSchema":"332fd63041d2c1bcb487cc26dd0d5f7d97098a6c","hash":"caf8b4035f2377388078c2a24a788c95125acede"}
}
