{"/Users/jgrim/javascript_projects/popular/src/components/MovieCard.js": {"path":"/Users/jgrim/javascript_projects/popular/src/components/MovieCard.js","statementMap":{"0":{"start":{"line":5,"column":17},"end":{"line":5,"column":42}},"1":{"start":{"line":9,"column":4},"end":{"line":9,"column":17}},"2":{"start":{"line":10,"column":4},"end":{"line":37,"column":6}},"3":{"start":{"line":38,"column":4},"end":{"line":40,"column":6}},"4":{"start":{"line":41,"column":4},"end":{"line":41,"column":49}},"5":{"start":{"line":50,"column":4},"end":{"line":52,"column":7}},"6":{"start":{"line":56,"column":4},"end":{"line":63,"column":6}}},"fnMap":{"0":{"name":"(anonymous_0)","decl":{"start":{"line":8,"column":2},"end":{"line":8,"column":3}},"loc":{"start":{"line":8,"column":21},"end":{"line":42,"column":3}},"line":8},"1":{"name":"(anonymous_1)","decl":{"start":{"line":49,"column":2},"end":{"line":49,"column":3}},"loc":{"start":{"line":49,"column":15},"end":{"line":53,"column":3}},"line":49},"2":{"name":"(anonymous_2)","decl":{"start":{"line":55,"column":2},"end":{"line":55,"column":3}},"loc":{"start":{"line":55,"column":11},"end":{"line":64,"column":3}},"line":55}},"branchMap":{"0":{"loc":{"start":{"line":59,"column":36},"end":{"line":59,"column":77}},"type":"binary-expr","locations":[{"start":{"line":59,"column":36},"end":{"line":59,"column":55}},{"start":{"line":59,"column":59},"end":{"line":59,"column":77}}],"line":59}},"s":{"0":1,"1":4,"2":4,"3":4,"4":4,"5":2,"6":6},"f":{"0":4,"1":2,"2":6},"b":{"0":[6,5]},"_coverageSchema":"332fd63041d2c1bcb487cc26dd0d5f7d97098a6c","hash":"d4f44d37d9dd7eb58b982011dc2f5c302c07108f"}
,"/Users/jgrim/javascript_projects/popular/src/components/TitleBar.js": {"path":"/Users/jgrim/javascript_projects/popular/src/components/TitleBar.js","statementMap":{"0":{"start":{"line":6,"column":14},"end":{"line":16,"column":1}},"1":{"start":{"line":18,"column":18},"end":{"line":20,"column":1}},"2":{"start":{"line":19,"column":2},"end":{"line":19,"column":56}},"3":{"start":{"line":22,"column":0},"end":{"line":24,"column":2}}},"fnMap":{"0":{"name":"(anonymous_0)","decl":{"start":{"line":18,"column":18},"end":{"line":18,"column":19}},"loc":{"start":{"line":18,"column":27},"end":{"line":20,"column":1}},"line":18}},"branchMap":{},"s":{"0":1,"1":1,"2":1,"3":1},"f":{"0":1},"b":{},"_coverageSchema":"332fd63041d2c1bcb487cc26dd0d5f7d97098a6c","hash":"91ac362fd579562d3d114a63910f568c086f948c"}
,"/Users/jgrim/javascript_projects/popular/src/utils/api.js": {"path":"/Users/jgrim/javascript_projects/popular/src/utils/api.js","statementMap":{"0":{"start":{"line":1,"column":17},"end":{"line":1,"column":51}},"1":{"start":{"line":4,"column":19},"end":{"line":7,"column":1}},"2":{"start":{"line":11,"column":2},"end":{"line":13,"column":3}},"3":{"start":{"line":12,"column":4},"end":{"line":12,"column":64}},"4":{"start":{"line":16,"column":17},"end":{"line":24,"column":3}},"5":{"start":{"line":25,"column":2},"end":{"line":25,"column":67}},"6":{"start":{"line":31,"column":2},"end":{"line":31,"column":50}}},"fnMap":{"0":{"name":"getPageOfMovies","decl":{"start":{"line":9,"column":9},"end":{"line":9,"column":24}},"loc":{"start":{"line":9,"column":77},"end":{"line":26,"column":1}},"line":9},"1":{"name":"getCompleteMovieBackdropPath","decl":{"start":{"line":28,"column":9},"end":{"line":28,"column":37}},"loc":{"start":{"line":28,"column":44},"end":{"line":32,"column":1}},"line":28}},"branchMap":{"0":{"loc":{"start":{"line":9,"column":29},"end":{"line":9,"column":75}},"type":"default-arg","locations":[{"start":{"line":9,"column":73},"end":{"line":9,"column":75}}],"line":9},"1":{"loc":{"start":{"line":9,"column":31},"end":{"line":9,"column":39}},"type":"default-arg","locations":[{"start":{"line":9,"column":38},"end":{"line":9,"column":39}}],"line":9},"2":{"loc":{"start":{"line":9,"column":41},"end":{"line":9,"column":68}},"type":"default-arg","locations":[{"start":{"line":9,"column":51},"end":{"line":9,"column":68}}],"line":9},"3":{"loc":{"start":{"line":11,"column":2},"end":{"line":13,"column":3}},"type":"if","locations":[{"start":{"line":11,"column":2},"end":{"line":13,"column":3}},{"start":{"line":11,"column":2},"end":{"line":13,"column":3}}],"line":11}},"s":{"0":2,"1":2,"2":3,"3":1,"4":2,"5":2,"6":5},"f":{"0":3,"1":5},"b":{"0":[3],"1":[3],"2":[3],"3":[1,2]},"_coverageSchema":"332fd63041d2c1bcb487cc26dd0d5f7d97098a6c","hash":"caf8b4035f2377388078c2a24a788c95125acede"}
}
