TN:
SF:/Users/jgrim/javascript_projects/popular/src/components/App.js
FN:15,(anonymous_0)
FNF:1
FNH:1
FNDA:1,(anonymous_0)
DA:6,1
DA:15,1
DA:16,1
LF:3
LH:3
BRF:0
BRH:0
end_of_record
TN:
SF:/Users/jgrim/javascript_projects/popular/src/components/CardBox.js
FN:8,(anonymous_0)
FN:31,(anonymous_1)
FN:33,(anonymous_2)
FN:36,(anonymous_3)
FN:43,(anonymous_4)
FN:51,(anonymous_5)
FN:53,(anonymous_6)
FN:56,(anonymous_7)
FN:57,(anonymous_8)
FNF:9
FNH:5
FNDA:1,(anonymous_0)
FNDA:1,(anonymous_1)
FNDA:0,(anonymous_2)
FNDA:0,(anonymous_3)
FNDA:1,(anonymous_4)
FNDA:1,(anonymous_5)
FNDA:1,(anonymous_6)
FNDA:0,(anonymous_7)
FNDA:0,(anonymous_8)
DA:9,1
DA:10,1
DA:16,1
DA:18,1
DA:32,1
DA:34,0
DA:37,0
DA:41,0
DA:44,1
DA:48,1
DA:52,1
DA:53,1
DA:55,0
DA:56,0
DA:58,0
LF:15
LH:9
BRDA:52,0,0,1
BRDA:52,0,1,0
BRF:2
BRH:1
end_of_record
TN:
SF:/Users/jgrim/javascript_projects/popular/src/components/MovieCard.js
FN:7,(anonymous_0)
FN:38,(anonymous_1)
FNF:2
FNH:0
FNDA:0,(anonymous_0)
FNDA:0,(anonymous_1)
DA:8,0
DA:9,0
DA:39,0
LF:3
LH:0
BRF:0
BRH:0
end_of_record
TN:
SF:/Users/jgrim/javascript_projects/popular/src/components/TitleBar.js
FN:18,(anonymous_0)
FNF:1
FNH:1
FNDA:1,(anonymous_0)
DA:6,1
DA:18,1
DA:19,1
DA:22,1
LF:4
LH:4
BRF:0
BRH:0
end_of_record
TN:
SF:/Users/jgrim/javascript_projects/popular/src/utils/api.js
FN:9,getPageOfMovies
FN:28,getCompleteMovieBackdropPath
FNF:2
FNH:2
FNDA:4,getPageOfMovies
FNDA:1,getCompleteMovieBackdropPath
DA:1,2
DA:4,2
DA:11,4
DA:12,1
DA:16,3
DA:25,3
DA:31,1
LF:7
LH:7
BRDA:9,0,0,3
BRDA:9,1,0,3
BRDA:9,2,0,4
BRDA:11,3,0,1
BRDA:11,3,1,3
BRF:5
BRH:5
end_of_record
