TN:
SF:/Users/jgrim/javascript_projects/popular/src/components/MovieCard.js
FN:8,(anonymous_0)
FN:49,(anonymous_1)
FN:55,(anonymous_2)
FNF:3
FNH:3
FNDA:4,(anonymous_0)
FNDA:2,(anonymous_1)
FNDA:6,(anonymous_2)
DA:5,1
DA:9,4
DA:10,4
DA:38,4
DA:41,4
DA:50,2
DA:56,6
LF:7
LH:7
BRDA:59,0,0,6
BRDA:59,0,1,5
BRF:2
BRH:2
end_of_record
TN:
SF:/Users/jgrim/javascript_projects/popular/src/components/TitleBar.js
FN:18,(anonymous_0)
FNF:1
FNH:1
FNDA:1,(anonymous_0)
DA:6,1
DA:18,1
DA:19,1
DA:22,1
LF:4
LH:4
BRF:0
BRH:0
end_of_record
TN:
SF:/Users/jgrim/javascript_projects/popular/src/utils/api.js
FN:9,getPageOfMovies
FN:28,getCompleteMovieBackdropPath
FNF:2
FNH:2
FNDA:3,getPageOfMovies
FNDA:5,getCompleteMovieBackdropPath
DA:1,2
DA:4,2
DA:11,3
DA:12,1
DA:16,2
DA:25,2
DA:31,5
LF:7
LH:7
BRDA:9,0,0,3
BRDA:9,1,0,3
BRDA:9,2,0,3
BRDA:11,3,0,1
BRDA:11,3,1,2
BRF:5
BRH:5
end_of_record
